{
  "RSpec": {
    "coverage": {
      "/Users/vbaker/rails_proj/blog/app/helpers/application_helper.rb": [
        1,
        null,
        1,
        0,
        0,
        0,
        0,
        null,
        null
      ],
      "/Users/vbaker/rails_proj/blog/app/helpers/articles_helper.rb": [
        1,
        null
      ],
      "/Users/vbaker/rails_proj/blog/app/helpers/comments_helper.rb": [
        1,
        null
      ],
      "/Users/vbaker/rails_proj/blog/app/helpers/welcome_helper.rb": [
        1,
        null
      ],
      "/Users/vbaker/rails_proj/blog/app/models/testimony.rb": [
        1,
        null,
        null,
        null,
        null,
        null,
        null,
        null,
        null,
        null,
        null,
        null,
        null,
        null,
        null
      ],
      "/Users/vbaker/rails_proj/blog/app/controllers/welcome_controller.rb": [
        1,
        1,
        null,
        null,
        1,
        0,
        null,
        null
      ],
      "/Users/vbaker/rails_proj/blog/app/controllers/application_controller.rb": [
        1,
        null,
        null,
        1,
        null,
        1,
        null,
        null,
        1,
        0,
        null,
        null,
        1,
        12,
        null,
        null,
        1,
        9,
        null,
        null,
        1,
        0,
        0,
        0,
        null,
        null,
        null,
        null,
        null
      ],
      "/Users/vbaker/rails_proj/blog/app/models/style.rb": [
        1,
        1,
        1,
        1,
        null
      ],
      "/Users/vbaker/rails_proj/blog/app/models/ingredient.rb": [
        1,
        1,
        1,
        1,
        null
      ],
      "/Users/vbaker/rails_proj/blog/app/models/recipe.rb": [
        1,
        1,
        1,
        1,
        1,
        1,
        1,
        1,
        1,
        1,
        1,
        1,
        1,
        1,
        3,
        null,
        null,
        1,
        0,
        null,
        null,
        1,
        0,
        null,
        null,
        1,
        1,
        2,
        0,
        null,
        null,
        null
      ],
      "/Users/vbaker/rails_proj/blog/app/uploaders/picture_uploader.rb": [
        null,
        null,
        1,
        null,
        1,
        1,
        null,
        null,
        null,
        null,
        null,
        1,
        0,
        null,
        1,
        null,
        null,
        null,
        null,
        null,
        1,
        0,
        null,
        null,
        null,
        null,
        null,
        null,
        null,
        null,
        null,
        null,
        null,
        null,
        null,
        null,
        null,
        null,
        null,
        null,
        null,
        null,
        null,
        null,
        null,
        null,
        1,
        0,
        null,
        null,
        null,
        null,
        null,
        null,
        null,
        null,
        null
      ],
      "/Users/vbaker/rails_proj/blog/app/controllers/articles_controller.rb": [
        0,
        0,
        0,
        0,
        0,
        0,
        0,
        0,
        0,
        0,
        0,
        0,
        0,
        0,
        0,
        0,
        0,
        0,
        0,
        0,
        0,
        0,
        0,
        0,
        0,
        0,
        0,
        0,
        0,
        0,
        0,
        0,
        0,
        0,
        0,
        0,
        0,
        0,
        0,
        0,
        0,
        0,
        0,
        0,
        0,
        0,
        0,
        0,
        0,
        0,
        0,
        0,
        0
      ],
      "/Users/vbaker/rails_proj/blog/app/controllers/chefs_controller.rb": [
        0,
        0,
        0,
        0,
        0,
        0,
        0,
        0,
        0,
        0,
        0,
        0,
        0,
        0,
        0,
        0,
        0,
        0,
        0,
        0,
        0,
        0,
        0,
        0,
        0,
        0,
        0,
        0,
        0,
        0,
        0,
        0,
        0,
        0,
        0,
        0,
        0,
        0,
        0,
        0,
        0,
        0,
        0,
        0,
        0,
        0,
        0,
        0,
        0,
        0,
        0,
        0,
        0,
        0,
        0,
        0,
        0,
        0
      ],
      "/Users/vbaker/rails_proj/blog/app/controllers/comments_controller.rb": [
        0,
        0,
        0,
        0,
        0,
        0,
        0,
        0,
        0,
        0,
        0,
        0,
        0,
        0,
        0,
        0,
        0,
        0,
        0,
        0,
        0,
        0,
        0
      ],
      "/Users/vbaker/rails_proj/blog/app/controllers/ingredients_controller.rb": [
        0,
        0,
        0,
        0,
        0,
        0,
        0,
        0,
        0,
        0,
        0,
        0,
        0,
        0,
        0,
        0,
        0,
        0,
        0,
        0,
        0,
        0,
        0,
        0,
        0,
        0,
        0,
        0
      ],
      "/Users/vbaker/rails_proj/blog/app/controllers/logins_controller.rb": [
        0,
        0,
        0,
        0,
        0,
        0,
        0,
        0,
        0,
        0,
        0,
        0,
        0,
        0,
        0,
        0,
        0,
        0,
        0,
        0,
        0,
        0,
        0,
        0,
        0
      ],
      "/Users/vbaker/rails_proj/blog/app/controllers/recipes_controller.rb": [
        0,
        0,
        0,
        0,
        0,
        0,
        0,
        0,
        0,
        0,
        0,
        0,
        0,
        0,
        0,
        0,
        0,
        0,
        0,
        0,
        0,
        0,
        0,
        0,
        0,
        0,
        0,
        0,
        0,
        0,
        0,
        0,
        0,
        0,
        0,
        0,
        0,
        0,
        0,
        0,
        0,
        0,
        0,
        0,
        0,
        0,
        0,
        0,
        0,
        0,
        0,
        0,
        0,
        0,
        0,
        0,
        0,
        0,
        0,
        0,
        0,
        0,
        0,
        0,
        0,
        0,
        0,
        0,
        0,
        0,
        0,
        0,
        0,
        0,
        0,
        0,
        0,
        0,
        0,
        0,
        0,
        0,
        0,
        0,
        0,
        0,
        0,
        0,
        0,
        0,
        0,
        0
      ],
      "/Users/vbaker/rails_proj/blog/app/controllers/reviews_controller.rb": [
        0,
        0,
        0,
        0,
        0,
        0,
        0,
        0,
        0,
        0,
        0,
        0,
        0,
        0,
        0,
        0,
        0,
        0,
        0,
        0,
        0,
        0,
        0,
        0,
        0,
        0
      ],
      "/Users/vbaker/rails_proj/blog/app/controllers/sessions_controller.rb": [
        0,
        0,
        0,
        0,
        0,
        0,
        0,
        0,
        0,
        0,
        0,
        0,
        0,
        0,
        0,
        0
      ],
      "/Users/vbaker/rails_proj/blog/app/controllers/styles_controller.rb": [
        0,
        0,
        0,
        0,
        0,
        0,
        0,
        0,
        0,
        0,
        0,
        0,
        0,
        0,
        0,
        0,
        0,
        0,
        0,
        0,
        0,
        0,
        0,
        0,
        0,
        0,
        0,
        0,
        0
      ],
      "/Users/vbaker/rails_proj/blog/app/models/article.rb": [
        0,
        0,
        0,
        0,
        0,
        0
      ],
      "/Users/vbaker/rails_proj/blog/app/models/chef.rb": [
        0,
        0,
        0,
        0,
        0,
        0,
        0,
        0,
        0,
        0,
        0,
        0,
        0,
        0,
        0,
        0,
        0,
        0,
        0,
        0
      ],
      "/Users/vbaker/rails_proj/blog/app/models/comment.rb": [
        0,
        0,
        0
      ],
      "/Users/vbaker/rails_proj/blog/app/models/like.rb": [
        0,
        0,
        0,
        0,
        0,
        0
      ],
      "/Users/vbaker/rails_proj/blog/app/models/recipe_ingredient.rb": [
        0,
        0,
        0,
        0
      ],
      "/Users/vbaker/rails_proj/blog/app/models/recipe_style.rb": [
        0,
        0,
        0,
        0
      ],
      "/Users/vbaker/rails_proj/blog/app/models/review.rb": [
        0,
        0,
        0,
        0,
        0,
        0
      ],
      "/Users/vbaker/rails_proj/blog/app/models/tweet.rb": [
        0,
        0,
        0,
        0,
        0,
        0
      ],
      "/Users/vbaker/rails_proj/blog/app/models/user.rb": [
        0,
        0,
        0
      ]
    },
    "timestamp": 1452166449
  }
}
