{
  "RSpec": {
    "coverage": {
      "/Users/vbaker/rails_proj/blog/spec/features/creating_recipe_spec.rb": [
        1,
        1,
        1,
        1,
        1,
        null,
        1,
        0,
        null,
        null,
        0,
        0,
        null,
        null,
        1,
        1,
        null,
        1,
        0,
        null,
        null,
        0,
        0,
        0,
        null,
        null,
        1,
        1,
        0,
        null,
        null,
        null
      ],
      "/Users/vbaker/rails_proj/blog/spec/rails_helper.rb": [
        null,
        1,
        1,
        null,
        1,
        1,
        1,
        null,
        null,
        null,
        null,
        null,
        null,
        null,
        null,
        null,
        null,
        null,
        null,
        null,
        null,
        null,
        null,
        null,
        null,
        null,
        1,
        null,
        1,
        null,
        1,
        null,
        null,
        null,
        null,
        1,
        null,
        null,
        null,
        null,
        null,
        null,
        null,
        null,
        null,
        null,
        null,
        null,
        null,
        null,
        1,
        null,
        null,
        1,
        null,
        null,
        null
      ],
      "/Users/vbaker/rails_proj/blog/config/environment.rb": [
        null,
        1,
        null,
        null,
        1,
        null,
        1
      ],
      "/Users/vbaker/rails_proj/blog/config/application.rb": [
        1,
        null,
        1,
        null,
        1,
        1,
        1,
        1,
        1,
        1,
        1,
        null,
        null,
        null,
        null,
        1,
        null,
        1,
        1,
        null,
        null,
        null,
        null,
        null,
        null,
        null,
        null,
        null,
        null,
        null,
        null,
        null,
        1,
        null,
        null
      ],
      "/Users/vbaker/rails_proj/blog/config/boot.rb": [
        1,
        null,
        1
      ],
      "/Users/vbaker/rails_proj/blog/config/environments/test.rb": [
        1,
        null,
        null,
        null,
        null,
        null,
        null,
        null,
        1,
        null,
        null,
        null,
        null,
        1,
        null,
        null,
        1,
        1,
        null,
        null,
        1,
        1,
        null,
        null,
        1,
        null,
        null,
        1,
        null,
        null,
        null,
        null,
        1,
        null,
        null,
        1,
        null,
        null,
        1,
        null,
        null,
        null,
        null
      ],
      "/Users/vbaker/rails_proj/blog/config/initializers/assets.rb": [
        null,
        null,
        null,
        1,
        null,
        null,
        null,
        null,
        null,
        null,
        null
      ],
      "/Users/vbaker/rails_proj/blog/config/initializers/backtrace_silencers.rb": [
        null,
        null,
        null,
        1,
        null,
        null,
        null
      ],
      "/Users/vbaker/rails_proj/blog/config/initializers/carrier_wave.rb": [
        1,
        0,
        0,
        null,
        null,
        null,
        null,
        null,
        0,
        null,
        null,
        null
      ],
      "/Users/vbaker/rails_proj/blog/config/initializers/cookies_serializer.rb": [
        null,
        null,
        1
      ],
      "/Users/vbaker/rails_proj/blog/config/initializers/filter_parameter_logging.rb": [
        null,
        null,
        null,
        1
      ],
      "/Users/vbaker/rails_proj/blog/config/initializers/inflections.rb": [
        null,
        null,
        null,
        null,
        null,
        null,
        null,
        null,
        null,
        null,
        null,
        null,
        null,
        null,
        null,
        null
      ],
      "/Users/vbaker/rails_proj/blog/config/initializers/mime_types.rb": [
        null,
        null,
        null,
        null
      ],
      "/Users/vbaker/rails_proj/blog/config/initializers/omniauth.rb": [
        1,
        1,
        null,
        null,
        null,
        null,
        null,
        null,
        null,
        null,
        null
      ],
      "/Users/vbaker/rails_proj/blog/config/initializers/session_store.rb": [
        null,
        null,
        1
      ],
      "/Users/vbaker/rails_proj/blog/config/initializers/twitter.rb": [
        1,
        null,
        null,
        null,
        null,
        1,
        1,
        1,
        1,
        null
      ],
      "/Users/vbaker/rails_proj/blog/config/initializers/wrap_parameters.rb": [
        null,
        null,
        null,
        null,
        null,
        null,
        1,
        1,
        null,
        null,
        null,
        null,
        null,
        null
      ],
      "/Users/vbaker/rails_proj/blog/config/routes.rb": [
        1,
        null,
        null,
        null,
        null,
        null,
        null,
        null,
        null,
        null,
        null,
        null,
        1,
        1,
        1,
        null,
        1,
        null,
        1,
        1,
        1,
        null,
        null,
        1,
        1,
        1,
        null,
        1,
        null,
        null,
        1,
        null,
        1,
        null,
        1,
        1,
        1,
        null,
        1,
        1,
        null,
        null,
        null,
        null,
        null,
        null,
        null,
        null,
        null,
        null,
        null,
        null,
        null,
        null,
        null,
        null,
        null,
        null,
        null,
        null,
        null,
        null,
        null,
        null,
        null,
        null,
        null,
        null,
        null,
        null,
        null,
        null,
        null,
        null,
        null,
        null,
        null,
        null,
        null,
        null,
        null,
        null,
        null,
        null,
        null,
        null,
        null,
        null,
        null,
        null,
        null,
        null,
        null,
        null,
        null,
        null,
        null
      ],
      "/Users/vbaker/rails_proj/blog/app/helpers/application_helper.rb": [
        1,
        null,
        1,
        0,
        0,
        0,
        0,
        null,
        null
      ],
      "/Users/vbaker/rails_proj/blog/app/helpers/articles_helper.rb": [
        1,
        null
      ],
      "/Users/vbaker/rails_proj/blog/app/helpers/comments_helper.rb": [
        1,
        null
      ],
      "/Users/vbaker/rails_proj/blog/app/helpers/welcome_helper.rb": [
        1,
        null
      ],
      "/Users/vbaker/rails_proj/blog/spec/features/listing_recipes_spec.rb": [
        1,
        1,
        null,
        1,
        1,
        1,
        null,
        null,
        null,
        null,
        null,
        null,
        null,
        null,
        1,
        null,
        null,
        null,
        null,
        null,
        null,
        null,
        null,
        null,
        null,
        1,
        1,
        null,
        1,
        0,
        0,
        0,
        0,
        0,
        0,
        0,
        null,
        null
      ],
      "/Users/vbaker/rails_proj/blog/spec/models/testimony_spec.rb": [
        1,
        null,
        1,
        1,
        null
      ],
      "/Users/vbaker/rails_proj/blog/app/models/testimony.rb": [
        1,
        null,
        null,
        null,
        null,
        null,
        null,
        null,
        null,
        null,
        null,
        null,
        null,
        null,
        null
      ],
      "/Users/vbaker/rails_proj/blog/app/controllers/welcome_controller.rb": [
        1,
        1,
        null,
        null,
        1,
        0,
        null,
        null
      ],
      "/Users/vbaker/rails_proj/blog/app/controllers/application_controller.rb": [
        1,
        null,
        null,
        1,
        null,
        1,
        null,
        null,
        1,
        0,
        null,
        null,
        1,
        12,
        null,
        null,
        1,
        9,
        null,
        null,
        1,
        0,
        0,
        0,
        null,
        null,
        null,
        null,
        null
      ],
      "/Users/vbaker/rails_proj/blog/app/models/style.rb": [
        1,
        1,
        1,
        1,
        null
      ],
      "/Users/vbaker/rails_proj/blog/app/models/ingredient.rb": [
        1,
        1,
        1,
        1,
        null
      ],
      "/Users/vbaker/rails_proj/blog/app/models/recipe.rb": [
        1,
        1,
        1,
        1,
        1,
        1,
        1,
        1,
        1,
        1,
        1,
        1,
        1,
        1,
        3,
        null,
        null,
        1,
        0,
        null,
        null,
        1,
        0,
        null,
        null,
        1,
        1,
        2,
        0,
        null,
        null,
        null
      ],
      "/Users/vbaker/rails_proj/blog/app/uploaders/picture_uploader.rb": [
        null,
        null,
        1,
        null,
        1,
        1,
        null,
        null,
        null,
        null,
        null,
        1,
        0,
        null,
        1,
        null,
        null,
        null,
        null,
        null,
        1,
        0,
        null,
        null,
        null,
        null,
        null,
        null,
        null,
        null,
        null,
        null,
        null,
        null,
        null,
        null,
        null,
        null,
        null,
        null,
        null,
        null,
        null,
        null,
        null,
        null,
        1,
        0,
        null,
        null,
        null,
        null,
        null,
        null,
        null,
        null,
        null
      ]
    },
    "timestamp": 1452166923
  }
}
